<?xml version="1.0" encoding="UTF-8"?>
<testsuite xmlns:xsi="http://www.w3.org/2001/XMLSchema-instance" xsi:noNamespaceSchemaLocation="https://maven.apache.org/surefire/maven-surefire-plugin/xsd/surefire-test-report-3.0.xsd" version="3.0" name="com.thewhite.study.MainTests" time="0.426" tests="6" errors="0" skipped="0" failures="0">
  <properties>
[...]
</properties>
  <testcase name="testReadingFromFile" classname="com.thewhite.study.MainTests" time="0.282"/>
  <testcase name="testFindInfo(String)[1]" classname="com.thewhite.study.MainTests" time="0.051"/>
  <testcase name="testFindInfo(String)[2]" classname="com.thewhite.study.MainTests" time="0.003"/>
  <testcase name="testFindInfo(String)[3]" classname="com.thewhite.study.MainTests" time="0.003"/>
  <testcase name="testFindInfo(String)[4]" classname="com.thewhite.study.MainTests" time="0.003"/>
  <testcase name="testGetIDInf0" classname="com.thewhite.study.MainTests" time="0.003"/>
</testsuite>